<?xml version="1.0" encoding="UTF-8"?>
<!-- Generated by org.testng.reporters.JUnitXMLReporter -->
<testsuite hostname="Bharath" ignored="0" name="HubSpot regression testcases " tests="4" failures="0" timestamp="04 Aug 2019 15:35:01 GMT" time="72.412" errors="0">
  <testcase name="verifyLoginPageTitleTest" time="0.953" classname="com.qa.hubspot.tests.LoginPageTest"/>
  <testcase name="VerifyHomePageTitleTest" time="7.946" classname="com.qa.hubspot.tests.HomePageTest"/>
  <testcase name="loginTest" time="7.916" classname="com.qa.hubspot.tests.LoginPageTest"/>
  <testcase name="verifyHomePageHeaderTest" time="7.782" classname="com.qa.hubspot.tests.HomePageTest"/>
</testsuite> <!-- HubSpot regression testcases  -->
